<?xml version="1.0" encoding="UTF-8"?>
<testsuite xmlns:xsi="http://www.w3.org/2001/XMLSchema-instance" xsi:noNamespaceSchemaLocation="https://maven.apache.org/surefire/maven-surefire-plugin/xsd/surefire-test-report.xsd" name="com.gupaoedu.book.AppTest" time="0.061" tests="1" errors="0" skipped="0" failures="0">
  <properties>
    <property name="sun.desktop" value="windows"/>
    <property name="awt.toolkit" value="sun.awt.windows.WToolkit"/>
    <property name="file.encoding.pkg" value="sun.io"/>
    <property name="java.specification.version" value="1.8"/>
    <property name="sun.cpu.isalist" value="amd64"/>
    <property name="sun.jnu.encoding" value="GBK"/>
    <property name="java.class.path" value="F:\咕泡学院\写作\源码\redis-spring-boot-starter\target\test-classes;F:\咕泡学院\写作\源码\redis-spring-boot-starter\target\classes;E:\repository\junit\junit\4.11\junit-4.11.jar;E:\repository\org\hamcrest\hamcrest-core\1.3\hamcrest-core-1.3.jar;E:\repository\org\redisson\redisson\3.11.1\redisson-3.11.1.jar;E:\repository\io\netty\netty-common\4.1.36.Final\netty-common-4.1.36.Final.jar;E:\repository\io\netty\netty-codec\4.1.36.Final\netty-codec-4.1.36.Final.jar;E:\repository\io\netty\netty-buffer\4.1.36.Final\netty-buffer-4.1.36.Final.jar;E:\repository\io\netty\netty-transport\4.1.36.Final\netty-transport-4.1.36.Final.jar;E:\repository\io\netty\netty-resolver\4.1.36.Final\netty-resolver-4.1.36.Final.jar;E:\repository\io\netty\netty-resolver-dns\4.1.36.Final\netty-resolver-dns-4.1.36.Final.jar;E:\repository\io\netty\netty-codec-dns\4.1.36.Final\netty-codec-dns-4.1.36.Final.jar;E:\repository\io\netty\netty-handler\4.1.36.Final\netty-handler-4.1.36.Final.jar;E:\repository\javax\cache\cache-api\1.0.0\cache-api-1.0.0.jar;E:\repository\io\projectreactor\reactor-core\3.2.6.RELEASE\reactor-core-3.2.6.RELEASE.jar;E:\repository\org\reactivestreams\reactive-streams\1.0.2\reactive-streams-1.0.2.jar;E:\repository\io\reactivex\rxjava2\rxjava\2.2.7\rxjava-2.2.7.jar;E:\repository\de\ruedigermoeller\fst\2.57\fst-2.57.jar;E:\repository\org\javassist\javassist\3.21.0-GA\javassist-3.21.0-GA.jar;E:\repository\org\objenesis\objenesis\2.5.1\objenesis-2.5.1.jar;E:\repository\org\slf4j\slf4j-api\1.7.25\slf4j-api-1.7.25.jar;E:\repository\com\fasterxml\jackson\dataformat\jackson-dataformat-yaml\2.9.9\jackson-dataformat-yaml-2.9.9.jar;E:\repository\com\fasterxml\jackson\core\jackson-core\2.9.9\jackson-core-2.9.9.jar;E:\repository\com\fasterxml\jackson\core\jackson-databind\2.9.9\jackson-databind-2.9.9.jar;E:\repository\com\fasterxml\jackson\core\jackson-annotations\2.9.0\jackson-annotations-2.9.0.jar;E:\repository\net\bytebuddy\byte-buddy\1.9.10\byte-buddy-1.9.10.jar;E:\repository\org\jodd\jodd-bean\5.0.10\jodd-bean-5.0.10.jar;E:\repository\org\jodd\jodd-core\5.0.10\jodd-core-5.0.10.jar;E:\repository\org\springframework\boot\spring-boot-starter\2.2.2.RELEASE\spring-boot-starter-2.2.2.RELEASE.jar;E:\repository\org\springframework\boot\spring-boot\2.2.2.RELEASE\spring-boot-2.2.2.RELEASE.jar;E:\repository\org\springframework\spring-context\5.2.2.RELEASE\spring-context-5.2.2.RELEASE.jar;E:\repository\org\springframework\spring-aop\5.2.2.RELEASE\spring-aop-5.2.2.RELEASE.jar;E:\repository\org\springframework\spring-beans\5.2.2.RELEASE\spring-beans-5.2.2.RELEASE.jar;E:\repository\org\springframework\spring-expression\5.2.2.RELEASE\spring-expression-5.2.2.RELEASE.jar;E:\repository\org\springframework\boot\spring-boot-autoconfigure\2.2.2.RELEASE\spring-boot-autoconfigure-2.2.2.RELEASE.jar;E:\repository\org\springframework\boot\spring-boot-starter-logging\2.2.2.RELEASE\spring-boot-starter-logging-2.2.2.RELEASE.jar;E:\repository\ch\qos\logback\logback-classic\1.2.3\logback-classic-1.2.3.jar;E:\repository\ch\qos\logback\logback-core\1.2.3\logback-core-1.2.3.jar;E:\repository\org\apache\logging\log4j\log4j-to-slf4j\2.12.1\log4j-to-slf4j-2.12.1.jar;E:\repository\org\apache\logging\log4j\log4j-api\2.12.1\log4j-api-2.12.1.jar;E:\repository\org\slf4j\jul-to-slf4j\1.7.29\jul-to-slf4j-1.7.29.jar;E:\repository\jakarta\annotation\jakarta.annotation-api\1.3.5\jakarta.annotation-api-1.3.5.jar;E:\repository\org\springframework\spring-core\5.2.2.RELEASE\spring-core-5.2.2.RELEASE.jar;E:\repository\org\springframework\spring-jcl\5.2.2.RELEASE\spring-jcl-5.2.2.RELEASE.jar;E:\repository\org\yaml\snakeyaml\1.25\snakeyaml-1.25.jar;"/>
    <property name="java.vm.vendor" value="Oracle Corporation"/>
    <property name="sun.arch.data.model" value="64"/>
    <property name="user.variant" value=""/>
    <property name="java.vendor.url" value="http://java.oracle.com/"/>
    <property name="user.timezone" value="Asia/Shanghai"/>
    <property name="java.vm.specification.version" value="1.8"/>
    <property name="os.name" value="Windows 10"/>
    <property name="user.country" value="CN"/>
    <property name="sun.java.launcher" value="SUN_STANDARD"/>
    <property name="sun.boot.library.path" value="E:\Program Files\Java\jdk1.8.0_211\jre\bin"/>
    <property name="sun.java.command" value="C:\Users\mic\AppData\Local\Temp\surefire6185176228567936088\surefirebooter8901534528113787398.jar C:\Users\mic\AppData\Local\Temp\surefire6185176228567936088 2020-01-03T20-29-27_204-jvmRun1 surefire5965428979474699090tmp surefire_078636582373710413tmp"/>
    <property name="surefire.test.class.path" value="F:\咕泡学院\写作\源码\redis-spring-boot-starter\target\test-classes;F:\咕泡学院\写作\源码\redis-spring-boot-starter\target\classes;E:\repository\junit\junit\4.11\junit-4.11.jar;E:\repository\org\hamcrest\hamcrest-core\1.3\hamcrest-core-1.3.jar;E:\repository\org\redisson\redisson\3.11.1\redisson-3.11.1.jar;E:\repository\io\netty\netty-common\4.1.36.Final\netty-common-4.1.36.Final.jar;E:\repository\io\netty\netty-codec\4.1.36.Final\netty-codec-4.1.36.Final.jar;E:\repository\io\netty\netty-buffer\4.1.36.Final\netty-buffer-4.1.36.Final.jar;E:\repository\io\netty\netty-transport\4.1.36.Final\netty-transport-4.1.36.Final.jar;E:\repository\io\netty\netty-resolver\4.1.36.Final\netty-resolver-4.1.36.Final.jar;E:\repository\io\netty\netty-resolver-dns\4.1.36.Final\netty-resolver-dns-4.1.36.Final.jar;E:\repository\io\netty\netty-codec-dns\4.1.36.Final\netty-codec-dns-4.1.36.Final.jar;E:\repository\io\netty\netty-handler\4.1.36.Final\netty-handler-4.1.36.Final.jar;E:\repository\javax\cache\cache-api\1.0.0\cache-api-1.0.0.jar;E:\repository\io\projectreactor\reactor-core\3.2.6.RELEASE\reactor-core-3.2.6.RELEASE.jar;E:\repository\org\reactivestreams\reactive-streams\1.0.2\reactive-streams-1.0.2.jar;E:\repository\io\reactivex\rxjava2\rxjava\2.2.7\rxjava-2.2.7.jar;E:\repository\de\ruedigermoeller\fst\2.57\fst-2.57.jar;E:\repository\org\javassist\javassist\3.21.0-GA\javassist-3.21.0-GA.jar;E:\repository\org\objenesis\objenesis\2.5.1\objenesis-2.5.1.jar;E:\repository\org\slf4j\slf4j-api\1.7.25\slf4j-api-1.7.25.jar;E:\repository\com\fasterxml\jackson\dataformat\jackson-dataformat-yaml\2.9.9\jackson-dataformat-yaml-2.9.9.jar;E:\repository\com\fasterxml\jackson\core\jackson-core\2.9.9\jackson-core-2.9.9.jar;E:\repository\com\fasterxml\jackson\core\jackson-databind\2.9.9\jackson-databind-2.9.9.jar;E:\repository\com\fasterxml\jackson\core\jackson-annotations\2.9.0\jackson-annotations-2.9.0.jar;E:\repository\net\bytebuddy\byte-buddy\1.9.10\byte-buddy-1.9.10.jar;E:\repository\org\jodd\jodd-bean\5.0.10\jodd-bean-5.0.10.jar;E:\repository\org\jodd\jodd-core\5.0.10\jodd-core-5.0.10.jar;E:\repository\org\springframework\boot\spring-boot-starter\2.2.2.RELEASE\spring-boot-starter-2.2.2.RELEASE.jar;E:\repository\org\springframework\boot\spring-boot\2.2.2.RELEASE\spring-boot-2.2.2.RELEASE.jar;E:\repository\org\springframework\spring-context\5.2.2.RELEASE\spring-context-5.2.2.RELEASE.jar;E:\repository\org\springframework\spring-aop\5.2.2.RELEASE\spring-aop-5.2.2.RELEASE.jar;E:\repository\org\springframework\spring-beans\5.2.2.RELEASE\spring-beans-5.2.2.RELEASE.jar;E:\repository\org\springframework\spring-expression\5.2.2.RELEASE\spring-expression-5.2.2.RELEASE.jar;E:\repository\org\springframework\boot\spring-boot-autoconfigure\2.2.2.RELEASE\spring-boot-autoconfigure-2.2.2.RELEASE.jar;E:\repository\org\springframework\boot\spring-boot-starter-logging\2.2.2.RELEASE\spring-boot-starter-logging-2.2.2.RELEASE.jar;E:\repository\ch\qos\logback\logback-classic\1.2.3\logback-classic-1.2.3.jar;E:\repository\ch\qos\logback\logback-core\1.2.3\logback-core-1.2.3.jar;E:\repository\org\apache\logging\log4j\log4j-to-slf4j\2.12.1\log4j-to-slf4j-2.12.1.jar;E:\repository\org\apache\logging\log4j\log4j-api\2.12.1\log4j-api-2.12.1.jar;E:\repository\org\slf4j\jul-to-slf4j\1.7.29\jul-to-slf4j-1.7.29.jar;E:\repository\jakarta\annotation\jakarta.annotation-api\1.3.5\jakarta.annotation-api-1.3.5.jar;E:\repository\org\springframework\spring-core\5.2.2.RELEASE\spring-core-5.2.2.RELEASE.jar;E:\repository\org\springframework\spring-jcl\5.2.2.RELEASE\spring-jcl-5.2.2.RELEASE.jar;E:\repository\org\yaml\snakeyaml\1.25\snakeyaml-1.25.jar;"/>
    <property name="sun.cpu.endian" value="little"/>
    <property name="user.home" value="C:\Users\mic"/>
    <property name="user.language" value="zh"/>
    <property name="java.specification.vendor" value="Oracle Corporation"/>
    <property name="java.home" value="E:\Program Files\Java\jdk1.8.0_211\jre"/>
    <property name="basedir" value="F:\咕泡学院\写作\源码\redis-spring-boot-starter"/>
    <property name="file.separator" value="\"/>
    <property name="line.separator" value="&#10;"/>
    <property name="java.vm.specification.vendor" value="Oracle Corporation"/>
    <property name="java.specification.name" value="Java Platform API Specification"/>
    <property name="java.awt.graphicsenv" value="sun.awt.Win32GraphicsEnvironment"/>
    <property name="surefire.real.class.path" value="C:\Users\mic\AppData\Local\Temp\surefire6185176228567936088\surefirebooter8901534528113787398.jar"/>
    <property name="sun.boot.class.path" value="E:\Program Files\Java\jdk1.8.0_211\jre\lib\resources.jar;E:\Program Files\Java\jdk1.8.0_211\jre\lib\rt.jar;E:\Program Files\Java\jdk1.8.0_211\jre\lib\sunrsasign.jar;E:\Program Files\Java\jdk1.8.0_211\jre\lib\jsse.jar;E:\Program Files\Java\jdk1.8.0_211\jre\lib\jce.jar;E:\Program Files\Java\jdk1.8.0_211\jre\lib\charsets.jar;E:\Program Files\Java\jdk1.8.0_211\jre\lib\jfr.jar;E:\Program Files\Java\jdk1.8.0_211\jre\classes"/>
    <property name="user.script" value=""/>
    <property name="sun.management.compiler" value="HotSpot 64-Bit Tiered Compilers"/>
    <property name="java.runtime.version" value="1.8.0_211-b12"/>
    <property name="user.name" value="mic"/>
    <property name="path.separator" value=";"/>
    <property name="os.version" value="10.0"/>
    <property name="java.endorsed.dirs" value="E:\Program Files\Java\jdk1.8.0_211\jre\lib\endorsed"/>
    <property name="java.runtime.name" value="Java(TM) SE Runtime Environment"/>
    <property name="file.encoding" value="GBK"/>
    <property name="java.vm.name" value="Java HotSpot(TM) 64-Bit Server VM"/>
    <property name="localRepository" value="E:\repository"/>
    <property name="java.vendor.url.bug" value="http://bugreport.sun.com/bugreport/"/>
    <property name="java.io.tmpdir" value="C:\Users\mic\AppData\Local\Temp\"/>
    <property name="java.version" value="1.8.0_211"/>
    <property name="user.dir" value="F:\咕泡学院\写作\源码\redis-spring-boot-starter"/>
    <property name="os.arch" value="amd64"/>
    <property name="java.vm.specification.name" value="Java Virtual Machine Specification"/>
    <property name="java.awt.printerjob" value="sun.awt.windows.WPrinterJob"/>
    <property name="idea.version2019.1.3" value="true"/>
    <property name="sun.os.patch.level" value=""/>
    <property name="java.library.path" value="E:\Program Files\Java\jdk1.8.0_211\jre\bin;C:\Windows\Sun\Java\bin;C:\Windows\system32;C:\Windows;C:\Windows\system32;C:\Windows;C:\Windows\System32\Wbem;C:\Windows\System32\WindowsPowerShell\v1.0\;C:\Windows\System32\OpenSSH\;C:\Program Files (x86)\NVIDIA Corporation\PhysX\Common;C:\Program Files\NVIDIA Corporation\NVIDIA NvDLISR;E:\software\apache-maven-3.3.9\bin;%GRADE_HOME%\bin;E:\Program Files\Java\jdk1.8.0_211\bin;C:\Program Files\Git\cmd;E:\software\apache-ant-1.10.1\bin;C:\Program Files\Pandoc\;C:\Program Files\nodejs\;C:\Users\mic\AppData\Local\Microsoft\WindowsApps;C:\Users\mic\AppData\Roaming\npm;."/>
    <property name="java.vm.info" value="mixed mode"/>
    <property name="java.vendor" value="Oracle Corporation"/>
    <property name="java.vm.version" value="25.211-b12"/>
    <property name="java.ext.dirs" value="E:\Program Files\Java\jdk1.8.0_211\jre\lib\ext;C:\Windows\Sun\Java\lib\ext"/>
    <property name="sun.io.unicode.encoding" value="UnicodeLittle"/>
    <property name="java.class.version" value="52.0"/>
  </properties>
  <testcase name="shouldAnswerWithTrue" classname="com.gupaoedu.book.AppTest" time="0.004"/>
</testsuite>